<?xml version="1.0" encoding="UTF-8" standalone="no"?><testsuite errors="2" failures="0" name="The Pet Clinic should allow to register a pet owner in the system" skipped="0" tests="10" time="279.35" timestamp="2024-09-17 05:10:28"><testcase name="the one where Kelly tries to register a new owner using the clinic API with invalid data"/><testcase name="the one where Ricardo registers a new owner using the clinic API with all mandatory data"/><testcase name="the one where Kelly tries to register a new owner using the Web form with invalid data"><error message="Could not instantiate class org.openqa.selenium.chrome.ChromeDriver" type="net.thucydides.core.webdriver.DriverConfigurationError">Could not instantiate class org.openqa.selenium.chrome.ChromeDriver</error><system-err>Could not instantiate class org.openqa.selenium.chrome.ChromeDriver
com.ricardorlg.vetclinc.tasks.Navigates.lambda$toTheWelcomePage$0(Navigates.java:25)
com.ricardorlg.vetclinic.stepdefinitions.OwnerRegistrationSteps.wantsToRegisterANewOwner(OwnerRegistrationSteps.java:25)
</system-err></testcase><testcase name="the one where Ricardo registers a new owner using the Web form with all mandatory data"><error message="Could not instantiate class org.openqa.selenium.chrome.ChromeDriver" type="net.thucydides.core.webdriver.DriverConfigurationError">Could not instantiate class org.openqa.selenium.chrome.ChromeDriver</error><system-err>Could not instantiate class org.openqa.selenium.chrome.ChromeDriver
com.ricardorlg.vetclinc.tasks.Navigates.lambda$toTheWelcomePage$0(Navigates.java:25)
com.ricardorlg.vetclinic.stepdefinitions.OwnerRegistrationSteps.wantsToRegisterANewOwner(OwnerRegistrationSteps.java:25)
</system-err></testcase></testsuite>