<?xml version="1.0" encoding="UTF-8" standalone="no"?><testsuite errors="6" failures="1" name="The Pet Clinic should allow to filter the owners in the system" skipped="0" tests="7" time="749.95" timestamp="2024-09-17 05:46:08"><testcase name="the one where Ricardo filters the owners by unknown city"><error message="Could not instantiate class org.openqa.selenium.chrome.ChromeDriver" type="net.thucydides.core.webdriver.DriverConfigurationError">Could not instantiate class org.openqa.selenium.chrome.ChromeDriver</error><system-err>Could not instantiate class org.openqa.selenium.chrome.ChromeDriver
com.ricardorlg.vetclinc.tasks.Navigates.lambda$toTheWelcomePage$0(Navigates.java:25)
com.ricardorlg.vetclinic.stepdefinitions.ManageOwnersSteps.wantsToFilterTheDataOfTheOwnersDisplayedInTheOwnersPage(ManageOwnersSteps.java:46)
</system-err></testcase><testcase name="the one where Ricardo filters the owners by city"><error message="Could not instantiate class org.openqa.selenium.chrome.ChromeDriver" type="net.thucydides.core.webdriver.DriverConfigurationError">Could not instantiate class org.openqa.selenium.chrome.ChromeDriver</error><system-err>Could not instantiate class org.openqa.selenium.chrome.ChromeDriver
com.ricardorlg.vetclinc.tasks.Navigates.lambda$toTheWelcomePage$0(Navigates.java:25)
com.ricardorlg.vetclinic.stepdefinitions.ManageOwnersSteps.wantsToFilterTheDataOfTheOwnersDisplayedInTheOwnersPage(ManageOwnersSteps.java:46)
</system-err></testcase><testcase name="the one where Ricardo filters the owners by first name"><error message="Could not instantiate class org.openqa.selenium.chrome.ChromeDriver" type="net.thucydides.core.webdriver.DriverConfigurationError">Could not instantiate class org.openqa.selenium.chrome.ChromeDriver</error><system-err>Could not instantiate class org.openqa.selenium.chrome.ChromeDriver
com.ricardorlg.vetclinc.tasks.Navigates.lambda$toTheWelcomePage$0(Navigates.java:25)
com.ricardorlg.vetclinic.stepdefinitions.ManageOwnersSteps.wantsToFilterTheDataOfTheOwnersDisplayedInTheOwnersPage(ManageOwnersSteps.java:46)
</system-err></testcase><testcase name="the one where Ricardo filters the owners by phone"><error message="Could not instantiate class org.openqa.selenium.chrome.ChromeDriver" type="net.thucydides.core.webdriver.DriverConfigurationError">Could not instantiate class org.openqa.selenium.chrome.ChromeDriver</error><system-err>Could not instantiate class org.openqa.selenium.chrome.ChromeDriver
com.ricardorlg.vetclinc.tasks.Navigates.lambda$toTheWelcomePage$0(Navigates.java:25)
com.ricardorlg.vetclinic.stepdefinitions.ManageOwnersSteps.wantsToFilterTheDataOfTheOwnersDisplayedInTheOwnersPage(ManageOwnersSteps.java:46)
</system-err></testcase><testcase name="the one where Ricardo filters the owners by last name"><error message="Could not instantiate class org.openqa.selenium.chrome.ChromeDriver" type="net.thucydides.core.webdriver.DriverConfigurationError">Could not instantiate class org.openqa.selenium.chrome.ChromeDriver</error><system-err>Could not instantiate class org.openqa.selenium.chrome.ChromeDriver
com.ricardorlg.vetclinc.tasks.Navigates.lambda$toTheWelcomePage$0(Navigates.java:25)
com.ricardorlg.vetclinic.stepdefinitions.ManageOwnersSteps.wantsToFilterTheDataOfTheOwnersDisplayedInTheOwnersPage(ManageOwnersSteps.java:46)
</system-err></testcase><testcase name="the one where Ricardo filters the owners by address"><error message="Could not instantiate class org.openqa.selenium.chrome.ChromeDriver" type="net.thucydides.core.webdriver.DriverConfigurationError">Could not instantiate class org.openqa.selenium.chrome.ChromeDriver</error><system-err>Could not instantiate class org.openqa.selenium.chrome.ChromeDriver
com.ricardorlg.vetclinc.tasks.Navigates.lambda$toTheWelcomePage$0(Navigates.java:25)
com.ricardorlg.vetclinic.stepdefinitions.ManageOwnersSteps.wantsToFilterTheDataOfTheOwnersDisplayedInTheOwnersPage(ManageOwnersSteps.java:46)
</system-err></testcase><testcase name="the one where Ricardo filters the owners by first and last name"><failure message="&#10;Expected: an element that is currently visible&#10;     but: no matching element found by [the element containing text 'Welcome to Petclinic' located with: xpath:.//*[contains(normalize-space(text()),'Welcome to Petclinic')]] was not visible" type="java.lang.AssertionError">
Expected: an element that is currently visible
     but: no matching element found by [the element containing text 'Welcome to Petclinic' located with: xpath:.//*[contains(normalize-space(text()),'Welcome to Petclinic')]] was not visible</failure><system-err>
Expected: an element that is currently visible
     but: no matching element found by [the element containing text 'Welcome to Petclinic' located with: xpath:.//*[contains(normalize-space(text()),'Welcome to Petclinic')]] was not visible
com.ricardorlg.vetclinc.tasks.Navigates.lambda$toTheWelcomePage$0(Navigates.java:25)
com.ricardorlg.vetclinic.stepdefinitions.ManageOwnersSteps.wantsToFilterTheDataOfTheOwnersDisplayedInTheOwnersPage(ManageOwnersSteps.java:46)
</system-err></testcase></testsuite>